This file contains any messages produced by compilers while
running configure, to aid debugging if configure makes a mistake.

It was created by ipu-examples configure 0.1, which was
generated by GNU Autoconf 2.69.  Invocation command line was

  $ ./configure --host=arm-none-linux-gnueabi --verbose --prefix=/home/rogerio/ltib/mx6q_1_1_0/ltib/rootfs

## --------- ##
## Platform. ##
## --------- ##

hostname = b19259
uname -m = x86_64
uname -r = 3.8.0-22-generic
uname -s = Linux
uname -v = #33-Ubuntu SMP Thu May 16 15:17:14 UTC 2013

/usr/bin/uname -p = unknown
/bin/uname -X     = unknown

/bin/arch              = unknown
/usr/bin/arch -k       = unknown
/usr/convex/getsysinfo = unknown
/usr/bin/hostinfo      = unknown
/bin/machine           = unknown
/usr/bin/oslevel       = unknown
/bin/universe          = unknown

PATH: /home/rogerio/bin
PATH: /usr/lib/lightdm/lightdm
PATH: /usr/local/sbin
PATH: /usr/local/bin
PATH: /usr/sbin
PATH: /usr/bin
PATH: /sbin
PATH: /bin
PATH: /usr/games
PATH: /usr/local/games
PATH: /opt/freescale/usr/local/gcc-4.6.2-glibc-2.13-linaro-multilib-2011.12/fsl-linaro-toolchain/bin/


## ----------- ##
## Core tests. ##
## ----------- ##

configure:2244: checking for a BSD-compatible install
configure:2312: result: /usr/bin/install -c
configure:2323: checking whether build environment is sane
configure:2373: result: yes
configure:2422: checking for arm-none-linux-gnueabi-strip
configure:2438: found /opt/freescale/usr/local/gcc-4.6.2-glibc-2.13-linaro-multilib-2011.12/fsl-linaro-toolchain/bin//arm-none-linux-gnueabi-strip
configure:2449: result: arm-none-linux-gnueabi-strip
configure:2514: checking for a thread-safe mkdir -p
configure:2553: result: /bin/mkdir -p
configure:2566: checking for gawk
configure:2582: found /usr/bin/gawk
configure:2593: result: gawk
configure:2604: checking whether make sets $(MAKE)
configure:2626: result: yes
configure:2716: checking for arm-none-linux-gnueabi-gcc
configure:2732: found /opt/freescale/usr/local/gcc-4.6.2-glibc-2.13-linaro-multilib-2011.12/fsl-linaro-toolchain/bin//arm-none-linux-gnueabi-gcc
configure:2743: result: arm-none-linux-gnueabi-gcc
configure:3012: checking for C compiler version
configure:3021: arm-none-linux-gnueabi-gcc --version >&5
arm-none-linux-gnueabi-gcc (Freescale MAD -- Linaro 2011.07 -- Built at 2011/08/10 09:20) 4.6.2 20110630 (prerelease)
Copyright (C) 2011 Free Software Foundation, Inc.
This is free software; see the source for copying conditions.  There is NO
warranty; not even for MERCHANTABILITY or FITNESS FOR A PARTICULAR PURPOSE.

configure:3032: $? = 0
configure:3021: arm-none-linux-gnueabi-gcc -v >&5
Using built-in specs.
COLLECT_GCC=arm-none-linux-gnueabi-gcc
COLLECT_LTO_WRAPPER=/opt/freescale/usr/local/gcc-4.6.2-glibc-2.13-linaro-multilib-2011.12/fsl-linaro-toolchain/bin/../libexec/gcc/arm-fsl-linux-gnueabi/4.6.2/lto-wrapper
Target: arm-fsl-linux-gnueabi
Configured with: /work/build/.build/src/gcc-linaro-4.6-2011.06-0/configure --build=i686-build_pc-linux-gnu --host=i686-build_pc-linux-gnu --target=arm-fsl-linux-gnueabi --prefix=/work/fsl-linaro-toolchain-2.13 --with-sysroot=/work/fsl-linaro-toolchain-2.13/arm-fsl-linux-gnueabi/multi-libs --enable-languages=c,c++ --with-pkgversion='Freescale MAD -- Linaro 2011.07 -- Built at 2011/08/10 09:20' --enable-__cxa_atexit --disable-libmudflap --disable-libgomp --disable-libssp --with-gmp=/work/build/.build/arm-fsl-linux-gnueabi/build/static --with-mpfr=/work/build/.build/arm-fsl-linux-gnueabi/build/static --with-mpc=/work/build/.build/arm-fsl-linux-gnueabi/build/static --with-ppl=/work/build/.build/arm-fsl-linux-gnueabi/build/static --with-cloog=/work/build/.build/arm-fsl-linux-gnueabi/build/static --with-libelf=/work/build/.build/arm-fsl-linux-gnueabi/build/static --with-host-libstdcxx='-static-libgcc -Wl,-Bstatic,-lstdc++,-Bdynamic -lm -L/work/build/.build/arm-fsl-linux-gnueabi/build/static/lib -lpwl' --enable-threads=posix --enable-target-optspace --enable-plugin --enable-multilib --with-local-prefix=/work/fsl-linaro-toolchain-2.13/arm-fsl-linux-gnueabi/multi-libs --disable-nls --enable-c99 --enable-long-long --with-system-zlib
Thread model: posix
gcc version 4.6.2 20110630 (prerelease) (Freescale MAD -- Linaro 2011.07 -- Built at 2011/08/10 09:20) 
configure:3032: $? = 0
configure:3021: arm-none-linux-gnueabi-gcc -V >&5
arm-none-linux-gnueabi-gcc: error: unrecognized option '-V'
arm-none-linux-gnueabi-gcc: fatal error: no input files
compilation terminated.
configure:3032: $? = 1
configure:3021: arm-none-linux-gnueabi-gcc -qversion >&5
arm-none-linux-gnueabi-gcc: error: unrecognized option '-qversion'
arm-none-linux-gnueabi-gcc: fatal error: no input files
compilation terminated.
configure:3032: $? = 1
configure:3052: checking whether the C compiler works
configure:3074: arm-none-linux-gnueabi-gcc    conftest.c  >&5
configure:3078: $? = 0
configure:3126: result: yes
configure:3129: checking for C compiler default output file name
configure:3131: result: a.out
configure:3137: checking for suffix of executables
configure:3144: arm-none-linux-gnueabi-gcc -o conftest    conftest.c  >&5
configure:3148: $? = 0
configure:3170: result: 
configure:3192: checking whether we are cross compiling
configure:3200: arm-none-linux-gnueabi-gcc -o conftest    conftest.c  >&5
configure:3204: $? = 0
configure:3211: ./conftest
./configure: line 3213: ./conftest: cannot execute binary file
configure:3215: $? = 126
configure:3230: result: yes
configure:3235: checking for suffix of object files
configure:3257: arm-none-linux-gnueabi-gcc -c   conftest.c >&5
configure:3261: $? = 0
configure:3282: result: o
configure:3286: checking whether we are using the GNU C compiler
configure:3305: arm-none-linux-gnueabi-gcc -c   conftest.c >&5
configure:3305: $? = 0
configure:3314: result: yes
configure:3323: checking whether arm-none-linux-gnueabi-gcc accepts -g
configure:3343: arm-none-linux-gnueabi-gcc -c -g  conftest.c >&5
configure:3343: $? = 0
configure:3384: result: yes
configure:3401: checking for arm-none-linux-gnueabi-gcc option to accept ISO C89
configure:3464: arm-none-linux-gnueabi-gcc  -c -g -O2  conftest.c >&5
configure:3464: $? = 0
configure:3477: result: none needed
configure:3508: checking for style of include used by make
configure:3536: result: GNU
configure:3562: checking dependency style of arm-none-linux-gnueabi-gcc
configure:3673: result: gcc3
configure:3693: checking how to run the C preprocessor
configure:3724: arm-none-linux-gnueabi-gcc -E  conftest.c
configure:3724: $? = 0
configure:3738: arm-none-linux-gnueabi-gcc -E  conftest.c
conftest.c:11:28: fatal error: ac_nonexistent.h: No such file or directory
compilation terminated.
configure:3738: $? = 1
configure: failed program was:
| /* confdefs.h */
| #define PACKAGE_NAME "ipu-examples"
| #define PACKAGE_TARNAME "ipu-examples"
| #define PACKAGE_VERSION "0.1"
| #define PACKAGE_STRING "ipu-examples 0.1"
| #define PACKAGE_BUGREPORT "rpimentel.silva@gmail.com"
| #define PACKAGE_URL ""
| #define PACKAGE "ipu-examples"
| #define VERSION "0.1"
| /* end confdefs.h.  */
| #include <ac_nonexistent.h>
configure:3763: result: arm-none-linux-gnueabi-gcc -E
configure:3783: arm-none-linux-gnueabi-gcc -E  conftest.c
configure:3783: $? = 0
configure:3797: arm-none-linux-gnueabi-gcc -E  conftest.c
conftest.c:11:28: fatal error: ac_nonexistent.h: No such file or directory
compilation terminated.
configure:3797: $? = 1
configure: failed program was:
| /* confdefs.h */
| #define PACKAGE_NAME "ipu-examples"
| #define PACKAGE_TARNAME "ipu-examples"
| #define PACKAGE_VERSION "0.1"
| #define PACKAGE_STRING "ipu-examples 0.1"
| #define PACKAGE_BUGREPORT "rpimentel.silva@gmail.com"
| #define PACKAGE_URL ""
| #define PACKAGE "ipu-examples"
| #define VERSION "0.1"
| /* end confdefs.h.  */
| #include <ac_nonexistent.h>
configure:3829: checking for grep that handles long lines and -e
configure:3887: result: /bin/grep
configure:3892: checking for egrep
configure:3954: result: /bin/grep -E
configure:3959: checking for ANSI C header files
configure:3979: arm-none-linux-gnueabi-gcc -c -g -O2  conftest.c >&5
configure:3979: $? = 0
configure:4063: result: yes
configure:4076: checking for sys/types.h
configure:4076: arm-none-linux-gnueabi-gcc -c -g -O2  conftest.c >&5
configure:4076: $? = 0
configure:4076: result: yes
configure:4076: checking for sys/stat.h
configure:4076: arm-none-linux-gnueabi-gcc -c -g -O2  conftest.c >&5
configure:4076: $? = 0
configure:4076: result: yes
configure:4076: checking for stdlib.h
configure:4076: arm-none-linux-gnueabi-gcc -c -g -O2  conftest.c >&5
configure:4076: $? = 0
configure:4076: result: yes
configure:4076: checking for string.h
configure:4076: arm-none-linux-gnueabi-gcc -c -g -O2  conftest.c >&5
configure:4076: $? = 0
configure:4076: result: yes
configure:4076: checking for memory.h
configure:4076: arm-none-linux-gnueabi-gcc -c -g -O2  conftest.c >&5
configure:4076: $? = 0
configure:4076: result: yes
configure:4076: checking for strings.h
configure:4076: arm-none-linux-gnueabi-gcc -c -g -O2  conftest.c >&5
configure:4076: $? = 0
configure:4076: result: yes
configure:4076: checking for inttypes.h
configure:4076: arm-none-linux-gnueabi-gcc -c -g -O2  conftest.c >&5
configure:4076: $? = 0
configure:4076: result: yes
configure:4076: checking for stdint.h
configure:4076: arm-none-linux-gnueabi-gcc -c -g -O2  conftest.c >&5
configure:4076: $? = 0
configure:4076: result: yes
configure:4076: checking for unistd.h
configure:4076: arm-none-linux-gnueabi-gcc -c -g -O2  conftest.c >&5
configure:4076: $? = 0
configure:4076: result: yes
configure:4091: checking fcntl.h usability
configure:4091: arm-none-linux-gnueabi-gcc -c -g -O2  conftest.c >&5
configure:4091: $? = 0
configure:4091: result: yes
configure:4091: checking fcntl.h presence
configure:4091: arm-none-linux-gnueabi-gcc -E  conftest.c
configure:4091: $? = 0
configure:4091: result: yes
configure:4091: checking for fcntl.h
configure:4091: result: yes
configure:4091: checking for stdint.h
configure:4091: result: yes
configure:4091: checking for stdlib.h
configure:4091: result: yes
configure:4091: checking for string.h
configure:4091: result: yes
configure:4091: checking sys/ioctl.h usability
configure:4091: arm-none-linux-gnueabi-gcc -c -g -O2  conftest.c >&5
configure:4091: $? = 0
configure:4091: result: yes
configure:4091: checking sys/ioctl.h presence
configure:4091: arm-none-linux-gnueabi-gcc -E  conftest.c
configure:4091: $? = 0
configure:4091: result: yes
configure:4091: checking for sys/ioctl.h
configure:4091: result: yes
configure:4091: checking for unistd.h
configure:4091: result: yes
configure:4103: checking for size_t
configure:4103: arm-none-linux-gnueabi-gcc -c -g -O2  conftest.c >&5
configure:4103: $? = 0
configure:4103: arm-none-linux-gnueabi-gcc -c -g -O2  conftest.c >&5
conftest.c: In function 'main':
conftest.c:63:21: error: expected expression before ')' token
configure:4103: $? = 1
configure: failed program was:
| /* confdefs.h */
| #define PACKAGE_NAME "ipu-examples"
| #define PACKAGE_TARNAME "ipu-examples"
| #define PACKAGE_VERSION "0.1"
| #define PACKAGE_STRING "ipu-examples 0.1"
| #define PACKAGE_BUGREPORT "rpimentel.silva@gmail.com"
| #define PACKAGE_URL ""
| #define PACKAGE "ipu-examples"
| #define VERSION "0.1"
| #define STDC_HEADERS 1
| #define HAVE_SYS_TYPES_H 1
| #define HAVE_SYS_STAT_H 1
| #define HAVE_STDLIB_H 1
| #define HAVE_STRING_H 1
| #define HAVE_MEMORY_H 1
| #define HAVE_STRINGS_H 1
| #define HAVE_INTTYPES_H 1
| #define HAVE_STDINT_H 1
| #define HAVE_UNISTD_H 1
| #define HAVE_FCNTL_H 1
| #define HAVE_STDINT_H 1
| #define HAVE_STDLIB_H 1
| #define HAVE_STRING_H 1
| #define HAVE_SYS_IOCTL_H 1
| #define HAVE_UNISTD_H 1
| /* end confdefs.h.  */
| #include <stdio.h>
| #ifdef HAVE_SYS_TYPES_H
| # include <sys/types.h>
| #endif
| #ifdef HAVE_SYS_STAT_H
| # include <sys/stat.h>
| #endif
| #ifdef STDC_HEADERS
| # include <stdlib.h>
| # include <stddef.h>
| #else
| # ifdef HAVE_STDLIB_H
| #  include <stdlib.h>
| # endif
| #endif
| #ifdef HAVE_STRING_H
| # if !defined STDC_HEADERS && defined HAVE_MEMORY_H
| #  include <memory.h>
| # endif
| # include <string.h>
| #endif
| #ifdef HAVE_STRINGS_H
| # include <strings.h>
| #endif
| #ifdef HAVE_INTTYPES_H
| # include <inttypes.h>
| #endif
| #ifdef HAVE_STDINT_H
| # include <stdint.h>
| #endif
| #ifdef HAVE_UNISTD_H
| # include <unistd.h>
| #endif
| int
| main ()
| {
| if (sizeof ((size_t)))
| 	    return 0;
|   ;
|   return 0;
| }
configure:4103: result: yes
configure:4122: checking for stdlib.h
configure:4122: result: yes
configure:4122: checking for unistd.h
configure:4122: result: yes
configure:4122: checking for sys/param.h
configure:4122: arm-none-linux-gnueabi-gcc -c -g -O2  conftest.c >&5
configure:4122: $? = 0
configure:4122: result: yes
configure:4142: checking for getpagesize
configure:4142: arm-none-linux-gnueabi-gcc -o conftest -g -O2   conftest.c  >&5
configure:4142: $? = 0
configure:4142: result: yes
configure:4151: checking for working mmap
configure:4308: result: no
configure:4320: checking for gettimeofday
configure:4320: arm-none-linux-gnueabi-gcc -o conftest -g -O2   conftest.c  >&5
configure:4320: $? = 0
configure:4320: result: yes
configure:4320: checking for memset
configure:4320: arm-none-linux-gnueabi-gcc -o conftest -g -O2   conftest.c  >&5
conftest.c:55:6: warning: conflicting types for built-in function 'memset' [enabled by default]
configure:4320: $? = 0
configure:4320: result: yes
configure:4320: checking for munmap
configure:4320: arm-none-linux-gnueabi-gcc -o conftest -g -O2   conftest.c  >&5
configure:4320: $? = 0
configure:4320: result: yes
configure:4357: ==> Set target option: --target=m5 or mx6
configure:4359: error: target variable is mandatory.

## ---------------- ##
## Cache variables. ##
## ---------------- ##

ac_cv_c_compiler_gnu=yes
ac_cv_env_CC_set=
ac_cv_env_CC_value=
ac_cv_env_CFLAGS_set=
ac_cv_env_CFLAGS_value=
ac_cv_env_CPPFLAGS_set=
ac_cv_env_CPPFLAGS_value=
ac_cv_env_CPP_set=
ac_cv_env_CPP_value=
ac_cv_env_LDFLAGS_set=
ac_cv_env_LDFLAGS_value=
ac_cv_env_LIBS_set=
ac_cv_env_LIBS_value=
ac_cv_env_build_alias_set=
ac_cv_env_build_alias_value=
ac_cv_env_host_alias_set=set
ac_cv_env_host_alias_value=arm-none-linux-gnueabi
ac_cv_env_target_alias_set=
ac_cv_env_target_alias_value=
ac_cv_func_getpagesize=yes
ac_cv_func_gettimeofday=yes
ac_cv_func_memset=yes
ac_cv_func_mmap_fixed_mapped=no
ac_cv_func_munmap=yes
ac_cv_header_fcntl_h=yes
ac_cv_header_inttypes_h=yes
ac_cv_header_memory_h=yes
ac_cv_header_stdc=yes
ac_cv_header_stdint_h=yes
ac_cv_header_stdlib_h=yes
ac_cv_header_string_h=yes
ac_cv_header_strings_h=yes
ac_cv_header_sys_ioctl_h=yes
ac_cv_header_sys_param_h=yes
ac_cv_header_sys_stat_h=yes
ac_cv_header_sys_types_h=yes
ac_cv_header_unistd_h=yes
ac_cv_objext=o
ac_cv_path_EGREP='/bin/grep -E'
ac_cv_path_GREP=/bin/grep
ac_cv_path_install='/usr/bin/install -c'
ac_cv_path_mkdir=/bin/mkdir
ac_cv_prog_AWK=gawk
ac_cv_prog_CC=arm-none-linux-gnueabi-gcc
ac_cv_prog_CPP='arm-none-linux-gnueabi-gcc -E'
ac_cv_prog_STRIP=arm-none-linux-gnueabi-strip
ac_cv_prog_cc_c89=
ac_cv_prog_cc_g=yes
ac_cv_prog_make_make_set=yes
ac_cv_type_size_t=yes
am_cv_CC_dependencies_compiler_type=gcc3

## ----------------- ##
## Output variables. ##
## ----------------- ##

ACLOCAL='${SHELL} /home/rogerio/ltib/ipu-examples/missing --run aclocal-1.11'
AMDEPBACKSLASH='\'
AMDEP_FALSE='#'
AMDEP_TRUE=''
AMTAR='$${TAR-tar}'
AUTOCONF='${SHELL} /home/rogerio/ltib/ipu-examples/missing --run autoconf'
AUTOHEADER='${SHELL} /home/rogerio/ltib/ipu-examples/missing --run autoheader'
AUTOMAKE='${SHELL} /home/rogerio/ltib/ipu-examples/missing --run automake-1.11'
AWK='gawk'
CC='arm-none-linux-gnueabi-gcc'
CCDEPMODE='depmode=gcc3'
CFLAGS='-g -O2'
CPP='arm-none-linux-gnueabi-gcc -E'
CPPFLAGS=''
CYGPATH_W='echo'
DEFS=''
DEPDIR='.deps'
ECHO_C=''
ECHO_N='-n'
ECHO_T=''
EGREP='/bin/grep -E'
EXEEXT=''
GREP='/bin/grep'
INSTALL_DATA='${INSTALL} -m 644'
INSTALL_PROGRAM='${INSTALL}'
INSTALL_SCRIPT='${INSTALL}'
INSTALL_STRIP_PROGRAM='$(install_sh) -c -s'
LDFLAGS=''
LIBOBJS=''
LIBS=''
LTLIBOBJS=''
MAKEINFO='${SHELL} /home/rogerio/ltib/ipu-examples/missing --run makeinfo'
MKDIR_P='/bin/mkdir -p'
OBJEXT='o'
PACKAGE='ipu-examples'
PACKAGE_BUGREPORT='rpimentel.silva@gmail.com'
PACKAGE_NAME='ipu-examples'
PACKAGE_STRING='ipu-examples 0.1'
PACKAGE_TARNAME='ipu-examples'
PACKAGE_URL=''
PACKAGE_VERSION='0.1'
PATH_SEPARATOR=':'
SET_MAKE=''
SHELL='/bin/bash'
STRIP='arm-none-linux-gnueabi-strip'
TARGET_MX5_FALSE=''
TARGET_MX5_TRUE='#'
TARGET_MX6_FALSE=''
TARGET_MX6_TRUE='#'
VERSION='0.1'
ac_ct_CC=''
am__EXEEXT_FALSE=''
am__EXEEXT_TRUE=''
am__fastdepCC_FALSE='#'
am__fastdepCC_TRUE=''
am__include='include'
am__isrc=''
am__leading_dot='.'
am__nodep='_no'
am__quote=''
am__tar='$${TAR-tar} chof - "$$tardir"'
am__untar='$${TAR-tar} xf -'
bindir='${exec_prefix}/bin'
build_alias=''
datadir='${datarootdir}'
datarootdir='${prefix}/share'
docdir='${datarootdir}/doc/${PACKAGE_TARNAME}'
dvidir='${docdir}'
exec_prefix='NONE'
host_alias='arm-none-linux-gnueabi'
htmldir='${docdir}'
includedir='${prefix}/include'
infodir='${datarootdir}/info'
install_sh='${SHELL} /home/rogerio/ltib/ipu-examples/install-sh'
libdir='${exec_prefix}/lib'
libexecdir='${exec_prefix}/libexec'
localedir='${datarootdir}/locale'
localstatedir='${prefix}/var'
mandir='${datarootdir}/man'
mkdir_p='/bin/mkdir -p'
oldincludedir='/usr/include'
pdfdir='${docdir}'
prefix='/home/rogerio/ltib/mx6q_1_1_0/ltib/rootfs'
program_transform_name='s,x,x,'
psdir='${docdir}'
sbindir='${exec_prefix}/sbin'
sharedstatedir='${prefix}/com'
sysconfdir='${prefix}/etc'
target_alias=''

## ----------- ##
## confdefs.h. ##
## ----------- ##

/* confdefs.h */
#define PACKAGE_NAME "ipu-examples"
#define PACKAGE_TARNAME "ipu-examples"
#define PACKAGE_VERSION "0.1"
#define PACKAGE_STRING "ipu-examples 0.1"
#define PACKAGE_BUGREPORT "rpimentel.silva@gmail.com"
#define PACKAGE_URL ""
#define PACKAGE "ipu-examples"
#define VERSION "0.1"
#define STDC_HEADERS 1
#define HAVE_SYS_TYPES_H 1
#define HAVE_SYS_STAT_H 1
#define HAVE_STDLIB_H 1
#define HAVE_STRING_H 1
#define HAVE_MEMORY_H 1
#define HAVE_STRINGS_H 1
#define HAVE_INTTYPES_H 1
#define HAVE_STDINT_H 1
#define HAVE_UNISTD_H 1
#define HAVE_FCNTL_H 1
#define HAVE_STDINT_H 1
#define HAVE_STDLIB_H 1
#define HAVE_STRING_H 1
#define HAVE_SYS_IOCTL_H 1
#define HAVE_UNISTD_H 1
#define HAVE_STDLIB_H 1
#define HAVE_UNISTD_H 1
#define HAVE_SYS_PARAM_H 1
#define HAVE_GETPAGESIZE 1
#define HAVE_GETTIMEOFDAY 1
#define HAVE_MEMSET 1
#define HAVE_MUNMAP 1

configure: exit 1
